<?xml version="1.0" encoding="UTF-8"?>
<!-- Generated by org.testng.reporters.JUnitReportReporter -->
<testsuite hostname="DESKTOP-I73M586" failures="0" tests="1" name="com.sauceDemo.TestClasses.TestNGRun" time="0.021" errors="0" timestamp="2022-02-04T14:23:59 IST" skipped="0">
  <testcase classname="com.sauceDemo.TestClasses.TestNGRun" name="verifyLogin" time="0.021"/>
  <system-out/>
</testsuite> <!-- com.sauceDemo.TestClasses.TestNGRun -->
