<?xml version="1.0" encoding="UTF-8"?>
<!-- Generated by org.testng.reporters.JUnitReportReporter -->
<testsuite hostname="DESKTOP-I73M586" failures="0" tests="1" name="com.sauceDemo.TestClasses.TC03VerifyAddtoCartFunctionality" time="0.897" errors="0" timestamp="2022-02-15T18:27:26 IST" skipped="0">
  <testcase classname="com.sauceDemo.TestClasses.TC03VerifyAddtoCartFunctionality" name="VerifyAddtoCartFunctionality" time="0.897"/>
  <system-out/>
</testsuite> <!-- com.sauceDemo.TestClasses.TC03VerifyAddtoCartFunctionality -->
