<?xml version="1.0" encoding="UTF-8"?>
<!-- Generated by org.testng.reporters.JUnitReportReporter -->
<testsuite hostname="DESKTOP-I73M586" failures="0" tests="1" name="com.sauceDemo.TestClasses.TC01VerifyLoginFunctioanlity" time="1.293" errors="0" timestamp="2022-02-15T18:27:26 IST" skipped="0">
  <testcase classname="com.sauceDemo.TestClasses.TC01VerifyLoginFunctioanlity" name="verifyLogin" time="1.293"/>
  <system-out/>
</testsuite> <!-- com.sauceDemo.TestClasses.TC01VerifyLoginFunctioanlity -->
