<?xml version="1.0" encoding="UTF-8"?>
<!-- Generated by org.testng.reporters.JUnitReportReporter -->
<testsuite hostname="DESKTOP-I73M586" failures="0" tests="6" name="com.sauceDemo.TestClasses.TestngKeywordProgram" time="0.063" errors="0" timestamp="2022-02-10T16:06:01 IST" skipped="1">
  <testcase classname="com.sauceDemo.TestClasses.TestngKeywordProgram" name="methodA" time="0.021"/>
  <system-out/>
  <testcase classname="com.sauceDemo.TestClasses.TestngKeywordProgram" name="methodE" time="0.017"/>
  <system-out/>
  <testcase classname="com.sauceDemo.TestClasses.TestngKeywordProgram" name="methodB" time="0.003"/>
  <system-out/>
  <testcase classname="com.sauceDemo.TestClasses.TestngKeywordProgram" name="methodB" time="0.018"/>
  <system-out/>
  <testcase classname="com.sauceDemo.TestClasses.TestngKeywordProgram" name="methodC" time="0.004"/>
  <system-out/>
  <testcase classname="com.sauceDemo.TestClasses.TestngKeywordProgram" name="methodD">
    <skipped/>
  </testcase> <!-- methodD -->
  <system-out/>
</testsuite> <!-- com.sauceDemo.TestClasses.TestngKeywordProgram -->
