<?xml version="1.0" encoding="UTF-8"?>
<!-- Generated by org.testng.reporters.JUnitReportReporter -->
<testsuite hostname="DESKTOP-I73M586" failures="0" tests="2" name="com.sauceDemo.TestClasses.TestProgramAnnotations" time="0.015" errors="0" timestamp="2022-02-06T10:30:23 IST" skipped="0">
  <testcase classname="com.sauceDemo.TestClasses.TestProgramAnnotations" name="testMethod2" time="0.004"/>
  <system-out/>
  <testcase classname="com.sauceDemo.TestClasses.TestProgramAnnotations" name="testMethod1" time="0.011"/>
  <system-out/>
</testsuite> <!-- com.sauceDemo.TestClasses.TestProgramAnnotations -->
